<?xml version="1.0" encoding="UTF-8"?>
<testsuite name="BeforeEachAfterEach" tests="2" skipped="0" failures="0" errors="0" timestamp="2023-03-16T20:45:40" hostname="ZNITCH-GARCIA" time="0.026">
  <properties/>
  <testcase name="addTest()" classname="BeforeEachAfterEach" time="0.022"/>
  <testcase name="multiplyTest()" classname="BeforeEachAfterEach" time="0.002"/>
  <system-out><![CDATA[Initialize
First test ... using Databases
Cleanup data
Initialize
Second test ... using Databases
Cleanup data
]]></system-out>
  <system-err><![CDATA[]]></system-err>
</testsuite>
